<?xml version="1.0" encoding="UTF-8"?>
<!-- Generated by org.testng.reporters.JUnitReportReporter -->
<testsuite hostname="DESKTOP-166QVCJ" failures="0" tests="1" name="com.ty.ecommerce.scripts.AddToCart" time="57.092" errors="0" timestamp="2021-05-31T14:59:35 IST" skipped="0">
  <testcase classname="com.ty.ecommerce.scripts.AddToCart" name="addTocart" time="57.092"/>
  <system-out/>
</testsuite> <!-- com.ty.ecommerce.scripts.AddToCart -->
